Started GET "/" for ::1 at 2020-01-23 13:01:03 +0000
  [1m[35m (11.4ms)[0m  [1m[34mSELECT sqlite_version(*)[0m
Processing by Rails::WelcomeController#index as HTML
  Rendering /home/student/.rvm/gems/ruby-2.5.3/gems/railties-6.0.2.1/lib/rails/templates/rails/welcome/index.html.erb
  Rendered /home/student/.rvm/gems/ruby-2.5.3/gems/railties-6.0.2.1/lib/rails/templates/rails/welcome/index.html.erb (Duration: 45.3ms | Allocations: 466)
Completed 200 OK in 147ms (Views: 82.7ms | ActiveRecord: 0.0ms | Allocations: 2631)


Started GET "/" for ::1 at 2020-01-23 13:01:12 +0000
Processing by Rails::WelcomeController#index as HTML
  Rendering /home/student/.rvm/gems/ruby-2.5.3/gems/railties-6.0.2.1/lib/rails/templates/rails/welcome/index.html.erb
  Rendered /home/student/.rvm/gems/ruby-2.5.3/gems/railties-6.0.2.1/lib/rails/templates/rails/welcome/index.html.erb (Duration: 10.6ms | Allocations: 195)
Completed 200 OK in 26ms (Views: 24.5ms | ActiveRecord: 0.0ms | Allocations: 1196)


Started GET "/" for ::1 at 2020-01-23 13:03:47 +0000
  [1m[35m (8.4ms)[0m  [1m[34mSELECT sqlite_version(*)[0m
Processing by Rails::WelcomeController#index as HTML
  Rendering /home/student/.rvm/gems/ruby-2.5.3/gems/railties-6.0.2.1/lib/rails/templates/rails/welcome/index.html.erb
  Rendered /home/student/.rvm/gems/ruby-2.5.3/gems/railties-6.0.2.1/lib/rails/templates/rails/welcome/index.html.erb (Duration: 11.0ms | Allocations: 466)
Completed 200 OK in 65ms (Views: 39.9ms | ActiveRecord: 0.0ms | Allocations: 2632)


Started GET "/static_pages/home" for ::1 at 2020-01-23 13:07:20 +0000
Processing by StaticPagesController#home as HTML
  Rendering static_pages/home.html.erb within layouts/application
  Rendered static_pages/home.html.erb within layouts/application (Duration: 0.3ms | Allocations: 90)
[Webpacker] Compiling...
[Webpacker] Compiled all packs in /home/student/myRubyApps/rubyOnRails/bookstore_app/public/packs
[Webpacker] Hash: 53154d7baad00c6a1252
Version: webpack 4.41.5
Time: 5564ms
Built at: 23/01/2020 13:07:30
                                     Asset       Size       Chunks                         Chunk Names
    js/application-0b67a3cc2fcde6055024.js    124 KiB  application  [emitted] [immutable]  application
js/application-0b67a3cc2fcde6055024.js.map    139 KiB  application  [emitted] [dev]        application
                             manifest.json  364 bytes               [emitted]              
Entrypoint application = js/application-0b67a3cc2fcde6055024.js js/application-0b67a3cc2fcde6055024.js.map
[./app/javascript/channels sync recursive _channel\.js$] ./app/javascript/channels sync _channel\.js$ 160 bytes {application} [built]
[./app/javascript/channels/index.js] 211 bytes {application} [built]
[./app/javascript/packs/application.js] 749 bytes {application} [built]
[./node_modules/webpack/buildin/module.js] (webpack)/buildin/module.js 552 bytes {application} [built]
    + 3 hidden modules

Completed 200 OK in 9315ms (Views: 9313.8ms | ActiveRecord: 0.0ms | Allocations: 19428)


Started GET "/static_pages/home" for ::1 at 2020-01-23 13:30:35 +0000
  [1m[35m (0.1ms)[0m  [1m[34mSELECT sqlite_version(*)[0m
Processing by StaticPagesController#home as HTML
  Rendering static_pages/home.html.erb within layouts/application
  Rendered static_pages/home.html.erb within layouts/application (Duration: 1.9ms | Allocations: 86)
[Webpacker] Everything's up-to-date. Nothing to do
Completed 200 OK in 86ms (Views: 73.0ms | ActiveRecord: 0.0ms | Allocations: 5179)


Started GET "/static_pages/home" for ::1 at 2020-01-23 13:32:00 +0000
Processing by StaticPagesController#home as HTML
  Rendering static_pages/home.html.erb within layouts/application
  Rendered static_pages/home.html.erb within layouts/application (Duration: 0.4ms | Allocations: 87)
[Webpacker] Everything's up-to-date. Nothing to do
Completed 200 OK in 79ms (Views: 78.0ms | ActiveRecord: 0.0ms | Allocations: 5195)


Started GET "/static_pages/home" for ::1 at 2020-01-23 13:34:32 +0000
Processing by StaticPagesController#home as HTML
  Rendering static_pages/home.html.erb within layouts/application
  Rendered static_pages/home.html.erb within layouts/application (Duration: 0.4ms | Allocations: 89)
[Webpacker] Everything's up-to-date. Nothing to do
Completed 200 OK in 46ms (Views: 43.6ms | ActiveRecord: 0.0ms | Allocations: 5268)


Started GET "/static_pages/home" for ::1 at 2020-01-23 13:38:22 +0000
Processing by StaticPagesController#home as HTML
  Rendering static_pages/home.html.erb within layouts/application
  Rendered static_pages/home.html.erb within layouts/application (Duration: 0.3ms | Allocations: 85)
[Webpacker] Everything's up-to-date. Nothing to do
Completed 200 OK in 56ms (Views: 41.0ms | ActiveRecord: 0.0ms | Allocations: 5249)


